<?xml version="1.0" encoding="UTF-8"?>
<!-- Generated by org.testng.reporters.JUnitXMLReporter -->
<testsuite ignored="1" hostname="LAPTOP-PKCD9K85" failures="0" tests="1" name="Default test" time="19.873" errors="0" timestamp="2023-10-12T20:06:29 IST">
  <testcase classname="com.SauceDemo.TestLayer.LoginTest" name="loginWithIncorrectCredientials" time="0.631"/>
  <testcase classname="com.SauceDemo.TestLayer.LoginTest" name="loginWithCorrectCredientials" time="0.0">
    <ignored/>
  </testcase> <!-- loginWithCorrectCredientials -->
</testsuite> <!-- Default test -->
