<?xml version="1.0" encoding="UTF-8"?>
<testng-results ignored="0" total="1" passed="1" failed="0" skipped="0">
  <reporter-output>
  </reporter-output>
  <suite started-at="2023-10-12T22:58:18 EDT" name="Default suite" finished-at="2023-10-12T22:58:37 EDT" duration-ms="18940">
    <groups>
    </groups>
    <test started-at="2023-10-12T22:58:18 EDT" name="Default test" finished-at="2023-10-12T22:58:37 EDT" duration-ms="18940">
      <class name="com.SauceDemo.TestLayer.HomePageTest">
        <test-method is-config="true" signature="setUp()[pri:0, instance:com.SauceDemo.TestLayer.HomePageTest@2a65fe7c]" started-at="2023-10-12T22:58:18 EDT" name="setUp" finished-at="2023-10-12T22:58:27 EDT" duration-ms="9412" status="PASS">
          <reporter-output>
          </reporter-output>
        </test-method> <!-- setUp -->
        <test-method is-config="true" signature="setUp()[pri:0, instance:com.SauceDemo.TestLayer.HomePageTest@2a65fe7c]" started-at="2023-10-12T22:58:27 EDT" name="setUp" finished-at="2023-10-12T22:58:34 EDT" duration-ms="7358" status="PASS">
          <reporter-output>
          </reporter-output>
        </test-method> <!-- setUp -->
        <test-method signature="verifyBuyFunctionality()[pri:0, instance:com.SauceDemo.TestLayer.HomePageTest@2a65fe7c]" started-at="2023-10-12T22:58:34 EDT" name="verifyBuyFunctionality" finished-at="2023-10-12T22:58:36 EDT" duration-ms="1759" status="PASS">
          <reporter-output>
          </reporter-output>
        </test-method> <!-- verifyBuyFunctionality -->
        <test-method is-config="true" signature="tearDown()[pri:0, instance:com.SauceDemo.TestLayer.HomePageTest@2a65fe7c]" started-at="2023-10-12T22:58:36 EDT" name="tearDown" finished-at="2023-10-12T22:58:37 EDT" duration-ms="322" status="PASS">
          <reporter-output>
          </reporter-output>
        </test-method> <!-- tearDown -->
      </class> <!-- com.SauceDemo.TestLayer.HomePageTest -->
    </test> <!-- Default test -->
  </suite> <!-- Default suite -->
</testng-results>
