<?xml version="1.0" encoding="UTF-8"?>
<testng-results ignored="0" total="1" passed="1" failed="0" skipped="0">
  <reporter-output>
  </reporter-output>
  <suite started-at="2023-10-12T20:06:09 IST" name="Default suite" finished-at="2023-10-12T20:06:29 IST" duration-ms="19873">
    <groups>
    </groups>
    <test started-at="2023-10-12T20:06:09 IST" name="Default test" finished-at="2023-10-12T20:06:29 IST" duration-ms="19873">
      <class name="com.SauceDemo.TestLayer.LoginTest">
        <test-method is-config="true" signature="setUp()[pri:0, instance:com.SauceDemo.TestLayer.LoginTest@130d63be]" started-at="2023-10-12T20:06:09 IST" name="setUp" finished-at="2023-10-12T20:06:22 IST" duration-ms="12642" status="PASS">
          <reporter-output>
          </reporter-output>
        </test-method> <!-- setUp -->
        <test-method is-config="true" signature="setUp()[pri:0, instance:com.SauceDemo.TestLayer.LoginTest@130d63be]" started-at="2023-10-12T20:06:22 IST" name="setUp" finished-at="2023-10-12T20:06:28 IST" duration-ms="6069" status="PASS">
          <reporter-output>
          </reporter-output>
        </test-method> <!-- setUp -->
        <test-method signature="loginWithIncorrectCredientials()[pri:0, instance:com.SauceDemo.TestLayer.LoginTest@130d63be]" started-at="2023-10-12T20:06:28 IST" name="loginWithIncorrectCredientials" finished-at="2023-10-12T20:06:29 IST" duration-ms="631" status="PASS">
          <reporter-output>
          </reporter-output>
        </test-method> <!-- loginWithIncorrectCredientials -->
        <test-method is-config="true" signature="tearDown()[pri:0, instance:com.SauceDemo.TestLayer.LoginTest@130d63be]" started-at="2023-10-12T20:06:29 IST" name="tearDown" finished-at="2023-10-12T20:06:29 IST" duration-ms="406" status="PASS">
          <reporter-output>
          </reporter-output>
        </test-method> <!-- tearDown -->
      </class> <!-- com.SauceDemo.TestLayer.LoginTest -->
    </test> <!-- Default test -->
  </suite> <!-- Default suite -->
</testng-results>
